[transvelo.github.io/electro-html/home.html]
[backblue.gif]
[fade.gif]
[index.html]
[transvelo.github.io/electro-html/assets/css/bootstrap.min.css]
[transvelo.github.io/electro-html/assets/css/font-awesome.min.css]
[transvelo.github.io/electro-html/assets/css/animate.min.css]
[transvelo.github.io/electro-html/assets/css/font-electro.css]
[transvelo.github.io/electro-html/assets/css/owl-carousel.css]
[transvelo.github.io/electro-html/assets/css/style.css]
[transvelo.github.io/electro-html/assets/css/colors/yellow.css]
[transvelo.github.io/electro-html/assets/css/config.css]
[transvelo.github.io/electro-html/assets/css/colors/green.css]
[transvelo.github.io/electro-html/assets/css/colors/pink.css]
[transvelo.github.io/electro-html/assets/css/colors/blue.css]
[transvelo.github.io/electro-html/assets/css/colors/red.css]
[transvelo.github.io/electro-html/assets/css/colors/orange.css]
[transvelo.github.io/electro-html/assets/css/colors/black.css]
[transvelo.github.io/electro-html/assets/css/colors/gold.css]
[transvelo.github.io/electro-html/assets/css/colors/flat-blue.css]
[transvelo.github.io/electro-html/assets/images/fav-icon.png]
[transvelo.github.io/electro-html/track-your-order.html]
[transvelo.github.io/electro-html/shop.html]
[transvelo.github.io/electro-html/my-account.html]
[transvelo.github.io/electro-html/cart.html]
[transvelo.github.io/electro-html/single-product.html]
[transvelo.github.io/electro-html/assets/images/products/mini-cart1.jpg]
[transvelo.github.io/electro-html/assets/images/products/mini-cart2.jpg]
[transvelo.github.io/electro-html/assets/images/products/mini-cart3.jpg]
[transvelo.github.io/electro-html/checkout.html]
[transvelo.github.io/electro-html/wishlist.html]
[transvelo.github.io/electro-html/compare.html]
[transvelo.github.io/electro-html/home-v2.html]
[transvelo.github.io/electro-html/home-v3.html]
[transvelo.github.io/electro-html/home-v3-full-color-background.html]
[transvelo.github.io/electro-html/product-category.html]
[transvelo.github.io/electro-html/assets/images/megamenu-2.png]
[transvelo.github.io/electro-html/blog-v1.html]
[transvelo.github.io/electro-html/blog-v2.html]
[transvelo.github.io/electro-html/home-v3-full-color.html]
[transvelo.github.io/electro-html/assets/images/slider/banner-2.jpg]
[transvelo.github.io/electro-html/assets/images/slider/banner-1.jpg]
[transvelo.github.io/electro-html/assets/images/slider/banner-3.jpg]
[transvelo.github.io/electro-html/assets/images/blank.gif]
[transvelo.github.io/electro-html/hsingle-product.html]
[transvelo.github.io/electro-html/assets/images/footer/payment-icon/1.png]
[transvelo.github.io/electro-html/assets/images/footer/payment-icon/2.png]
[transvelo.github.io/electro-html/assets/images/footer/payment-icon/3.png]
[transvelo.github.io/electro-html/assets/images/footer/payment-icon/4.png]
[transvelo.github.io/electro-html/assets/images/footer/payment-icon/5.png]
[transvelo.github.io/electro-html/about.html]
[transvelo.github.io/electro-html/contact-v1.html]
[transvelo.github.io/electro-html/contact-v2.html]
[transvelo.github.io/electro-html/faq.html]
[transvelo.github.io/electro-html/store-directory.html]
[transvelo.github.io/electro-html/terms-and-conditions.html]
[transvelo.github.io/electro-html/404.html]
[transvelo.github.io/electro-html/blog-v3.html]
[transvelo.github.io/electro-html/blog-single.html]
[transvelo.github.io/electro-html/blog-fw.html]
[transvelo.github.io/electro-html/shop-fw.html]
[transvelo.github.io/electro-html/shop-right-side-bar.html]
[transvelo.github.io/electro-html/single-product-extended.html]
[transvelo.github.io/electro-html/single-product-sidebar.html]
[transvelo.github.io/electro-html/cat-3-col.html]
[transvelo.github.io/electro-html/cat-4-col.html]
[transvelo.github.io/electro-html/cat-4-fw.html]
[transvelo.github.io/electro-html/product-category-6-column.html]
[transvelo.github.io/electro-html/assets/js/tether.min.js]
[transvelo.github.io/electro-html/assets/js/bootstrap.min.js]
[transvelo.github.io/electro-html/assets/js/bootstrap-hover-dropdown.min.js]
[transvelo.github.io/electro-html/assets/js/owl.carousel.min.js]
[transvelo.github.io/electro-html/assets/js/echo.min.js]
[transvelo.github.io/electro-html/assets/js/wow.min.js]
[transvelo.github.io/electro-html/assets/js/jquery.easing.min.js]
[transvelo.github.io/electro-html/assets/js/jquery.waypoints.min.js]
[transvelo.github.io/electro-html/assets/js/electro.js]
[transvelo.github.io/electro-html/switchstylesheet/switchstylesheet.js]
[transvelo.github.io/electro-html/home.html]
[transvelo.github.io/electro-html/assets/css/bootstrap.min.css]
[transvelo.github.io/electro-html/assets/fonts/fontawesome-webfont3295.eot]
[transvelo.github.io/electro-html/assets/fonts/fontawesome-webfontd41d.eot]
[transvelo.github.io/electro-html/assets/fonts/fontawesome-webfont3295.woff2]
[transvelo.github.io/electro-html/assets/fonts/fontawesome-webfont3295.woff]
[transvelo.github.io/electro-html/assets/fonts/fontawesome-webfont3295.ttf]
[transvelo.github.io/electro-html/assets/css/font-awesome.min.css]
[transvelo.github.io/electro-html/assets/css/animate.min.css]
[transvelo.github.io/electro-html/assets/fonts/fontawesome-webfont3295.svg]
[transvelo.github.io/electro-html/assets/fonts/font-electro.eot]
[transvelo.github.io/electro-html/assets/fonts/font-electrod41d.eot]
[transvelo.github.io/electro-html/assets/fonts/font-electro.woff]
[transvelo.github.io/electro-html/assets/fonts/font-electro.ttf]
[transvelo.github.io/electro-html/assets/fonts/font-electro.svg]
[transvelo.github.io/electro-html/assets/css/font-electro.css]
[transvelo.github.io/electro-html/assets/css/owl-carousel.css]
[transvelo.github.io/electro-html/assets/images/ajax-loader.gif]
[transvelo.github.io/electro-html/assets/fonts/star.eot]
[transvelo.github.io/electro-html/assets/fonts/stard41d.eot]
[transvelo.github.io/electro-html/assets/fonts/star.woff]
[transvelo.github.io/electro-html/assets/fonts/star.ttf]
[transvelo.github.io/electro-html/assets/fonts/star.svg]
[transvelo.github.io/electro-html/assets/css/assets/images/credit-cards/unknown.svg]
[transvelo.github.io/electro-html/assets/css/assets/images/credit-cards/visa.svg]
[transvelo.github.io/electro-html/assets/css/assets/images/credit-cards/mastercard.svg]
[transvelo.github.io/electro-html/assets/css/assets/images/credit-cards/laser.svg]
[transvelo.github.io/electro-html/assets/css/assets/images/credit-cards/diners.svg]
[transvelo.github.io/electro-html/assets/css/assets/images/credit-cards/maestro.svg]
[transvelo.github.io/electro-html/assets/css/assets/images/credit-cards/jcb.svg]
[transvelo.github.io/electro-html/assets/css/assets/images/credit-cards/amex.svg]
[transvelo.github.io/electro-html/assets/css/assets/images/credit-cards/discover.svg]
[transvelo.github.io/electro-html/assets/css/style.css]
[transvelo.github.io/electro-html/assets/css/colors/yellow.css]
[transvelo.github.io/electro-html/assets/css/config.css]
[transvelo.github.io/electro-html/assets/css/colors/green.css]
[transvelo.github.io/electro-html/assets/css/colors/pink.css]
[transvelo.github.io/electro-html/assets/css/colors/blue.css]
[transvelo.github.io/electro-html/assets/css/colors/red.css]
[transvelo.github.io/electro-html/assets/css/colors/orange.css]
[transvelo.github.io/electro-html/assets/css/colors/black.css]
[transvelo.github.io/electro-html/assets/css/colors/gold.css]
[transvelo.github.io/electro-html/assets/css/colors/flat-blue.css]
[transvelo.github.io/electro-html/blog.html]
[transvelo.github.io/electro-html/single-product-sidebar-accessories.html]
[transvelo.github.io/electro-html/single-product-sidebar-specification.html]
[transvelo.github.io/electro-html/single-product-sidebar-reviews.html]
[transvelo.github.io/electro-html/track-your-order.html]
[transvelo.github.io/electro-html/assets/images/banner/ad-banner-sidebar.jpg]
[transvelo.github.io/electro-html/assets/images/product-category/1.jpg]
[transvelo.github.io/electro-html/assets/images/product-category/2.jpg]
[transvelo.github.io/electro-html/assets/images/product-category/3.jpg]
[transvelo.github.io/electro-html/assets/images/product-category/4.jpg]
[transvelo.github.io/electro-html/shop.html]
[transvelo.github.io/electro-html/login-and-register.html]
[transvelo.github.io/electro-html/my-account.html]
[transvelo.github.io/electro-html/assets/images/products/2.jpg]
[transvelo.github.io/electro-html/assets/images/products/1.jpg]
[transvelo.github.io/electro-html/cart.html]
[transvelo.github.io/electro-html/assets/images/single-product/s1-1.jpg]
[transvelo.github.io/electro-html/assets/images/single-product/s1.jpg]
[transvelo.github.io/electro-html/assets/images/single-product/s2.jpg]
[transvelo.github.io/electro-html/assets/images/single-product/s3.jpg]
[transvelo.github.io/electro-html/assets/images/single-product/s4.jpg]
[transvelo.github.io/electro-html/assets/images/single-product/s5.jpg]
[transvelo.github.io/electro-html/assets/images/single-product/single-thumb1.jpg]
[transvelo.github.io/electro-html/assets/images/single-product/single-thumb2.jpg]
[transvelo.github.io/electro-html/assets/images/single-product/single-thumb3.jpg]
[transvelo.github.io/electro-html/assets/images/single-product/single-thumb4.jpg]
[transvelo.github.io/electro-html/assets/images/single-product/single-thumb5.jpg]
[transvelo.github.io/electro-html/assets/images/single-product/single-thumb6.jpg]
[transvelo.github.io/electro-html/assets/images/single-product/brand.png]
[transvelo.github.io/electro-html/assets/images/blog/avatar.jpg]
[transvelo.github.io/electro-html/single-product.html]
[transvelo.github.io/electro-html/checkout.html]
[transvelo.github.io/electro-html/assets/images/products/3.jpg]
[transvelo.github.io/electro-html/wishlist.html]
[transvelo.github.io/electro-html/compare.html]
[transvelo.github.io/electro-html/assets/images/ad-block/1.jpg]
[transvelo.github.io/electro-html/assets/images/ad-block/2.jpg]
[transvelo.github.io/electro-html/assets/images/deals/1.jpg]
[transvelo.github.io/electro-html/assets/images/deals/1-1.jpg]
[transvelo.github.io/electro-html/assets/images/deals/1-2.jpg]
[transvelo.github.io/electro-html/assets/images/deals/1-3.jpg]
[transvelo.github.io/electro-html/assets/images/deals/2.jpg]
[transvelo.github.io/electro-html/assets/images/deals/2-1.jpg]
[transvelo.github.io/electro-html/assets/images/deals/2-2.jpg]
[transvelo.github.io/electro-html/assets/images/deals/2-3.jpg]
[transvelo.github.io/electro-html/assets/images/deals/2-4.jpg]
[transvelo.github.io/electro-html/assets/images/banner/home-v2.png]
[transvelo.github.io/electro-html/assets/images/products/4.jpg]
[transvelo.github.io/electro-html/assets/images/blog/blog-1.jpg]
[transvelo.github.io/electro-html/assets/images/blog/blog-2.jpg]
[transvelo.github.io/electro-html/assets/images/blog/blog-3.jpg]
[transvelo.github.io/electro-html/home-v2.html]
[transvelo.github.io/electro-html/assets/images/home-v3-bg.jpg]
[transvelo.github.io/electro-html/images/products/thumb1.jpg]
[transvelo.github.io/electro-html/images/products/thumb2.jpg]
[transvelo.github.io/electro-html/images/products/thumb3.jpg]
[transvelo.github.io/electro-html/home-v3.html]
[transvelo.github.io/electro-html/home-v3-full-color-background.html]
[transvelo.github.io/electro-html/assets/images/product-category/5.jpg]
[transvelo.github.io/electro-html/product-category.html]
[transvelo.github.io/electro-html/assets/images/product-category/6.jpg]
[transvelo.github.io/electro-html/assets/images/blog/blog-s-1.jpg]
[transvelo.github.io/electro-html/assets/images/blog/blog-s-2.jpg]
[transvelo.github.io/electro-html/assets/images/blog/blog-s-3.jpg]
[transvelo.github.io/electro-html/assets/images/blog/blog-s-4.jpg]
[transvelo.github.io/electro-html/blog-v1.html]
[transvelo.github.io/electro-html/blog-v2.html]
[transvelo.github.io/electro-html/home-v3-full-color.html]
[transvelo.github.io/electro-html/hsingle-product.html]
[transvelo.github.io/electro-html/assets/images/products/header-image.jpg]
[transvelo.github.io/electro-html/about.html]
[transvelo.github.io/electro-html/contact-v1.html]
[transvelo.github.io/electro-html/contact-v2.html]
[transvelo.github.io/electro-html/faq.html]
[transvelo.github.io/electro-html/store-directory.html]
[transvelo.github.io/electro-html/terms-and-conditions.html]
[transvelo.github.io/electro-html/404.html]
[transvelo.github.io/electro-html/blog-v3.html]
[transvelo.github.io/electro-html/blog-single.html]
[transvelo.github.io/electro-html/blog-fw.html]
[transvelo.github.io/electro-html/shop-fw.html]
[transvelo.github.io/electro-html/shop-right-side-bar.html]
[transvelo.github.io/electro-html/single-product-extended.html]
[transvelo.github.io/electro-html/assets/images/single-product/ad-banner.jpg]
[transvelo.github.io/electro-html/assets/images/products/5.jpg]
[transvelo.github.io/electro-html/single-product-sidebar.html]
[transvelo.github.io/electro-html/assets/images/products/6.jpg]
[transvelo.github.io/electro-html/assets/images/product-category/7.jpg]
[transvelo.github.io/electro-html/assets/images/product-category/8.jpg]
[transvelo.github.io/electro-html/assets/images/product-category/9.jpg]
[transvelo.github.io/electro-html/assets/images/product-category/10.jpg]
[transvelo.github.io/electro-html/assets/images/product-category/11.jpg]
[transvelo.github.io/electro-html/assets/images/product-category/12.jpg]
[transvelo.github.io/electro-html/assets/images/product-category/13.jpg]
[transvelo.github.io/electro-html/cat-3-col.html]
[transvelo.github.io/electro-html/cat-4-col.html]
[transvelo.github.io/electro-html/cat-4-fw.html]
[transvelo.github.io/electro-html/product-category-6-column.html]
[transvelo.github.io/electro-html/assets/fonts/fontawesome-webfont3295.svg]
[transvelo.github.io/electro-html/assets/fonts/font-electro.svg]
[transvelo.github.io/electro-html/assets/fonts/star.svg]
[transvelo.github.io/electro-html/assets/css/assets/images/credit-cards/unknown.html]
[transvelo.github.io/electro-html/assets/css/assets/images/credit-cards/visa.html]
[transvelo.github.io/electro-html/assets/css/assets/images/credit-cards/mastercard.html]
[transvelo.github.io/electro-html/assets/css/assets/images/credit-cards/laser.html]
[transvelo.github.io/electro-html/assets/css/assets/images/credit-cards/diners.html]
[transvelo.github.io/electro-html/assets/css/assets/images/credit-cards/maestro.html]
[transvelo.github.io/electro-html/assets/css/assets/images/credit-cards/jcb.html]
[transvelo.github.io/electro-html/assets/css/assets/images/credit-cards/amex.html]
[transvelo.github.io/electro-html/assets/css/assets/images/credit-cards/discover.html]
[transvelo.github.io/electro-html/blog.html]
[transvelo.github.io/electro-html/single-product-sidebar-accessories.html]
[transvelo.github.io/electro-html/single-product-sidebar-specification.html]
[transvelo.github.io/electro-html/single-product-sidebar-reviews.html]
[transvelo.github.io/electro-html/login-and-register.html]
[transvelo.github.io/electro-html/images/products/thumb1.html]
[transvelo.github.io/electro-html/images/products/thumb2.html]
[transvelo.github.io/electro-html/images/products/thumb3.html]
[transvelo.github.io/electro-html/assets/images/product-category/14.jpg]
[transvelo.github.io/electro-html/assets/js/jquery.min.js]
